[debug] [2023-04-30T08:22:54.529Z] ----------------------------------------------------------------------
[debug] [2023-04-30T08:22:54.535Z] Command:       /usr/bin/node /usr/bin/firebase init
[debug] [2023-04-30T08:22:54.536Z] CLI Version:   11.29.1
[debug] [2023-04-30T08:22:54.537Z] Platform:      linux
[debug] [2023-04-30T08:22:54.537Z] Node Version:  v16.19.1
[debug] [2023-04-30T08:22:54.538Z] Time:          Sun Apr 30 2023 13:52:54 GMT+0530 (India Standard Time)
[debug] [2023-04-30T08:22:54.539Z] ----------------------------------------------------------------------
[debug] 
[debug] [2023-04-30T08:22:54.789Z] > command requires scopes: ["email","openid","https://www.googleapis.com/auth/cloudplatformprojects.readonly","https://www.googleapis.com/auth/firebase","https://www.googleapis.com/auth/cloud-platform"]
[debug] [2023-04-30T08:22:54.790Z] > authorizing via signed-in user (muk214782@gmail.com)
[info] 
     ######## #### ########  ######## ########     ###     ######  ########
     ##        ##  ##     ## ##       ##     ##  ##   ##  ##       ##
     ######    ##  ########  ######   ########  #########  ######  ######
     ##        ##  ##    ##  ##       ##     ## ##     ##       ## ##
     ##       #### ##     ## ######## ########  ##     ##  ######  ########

You're about to initialize a Firebase project in this directory:

  /media/raulmanendez/New Volume1/dev/git/ng-store

Before we get started, keep in mind:

  * You are currently outside your home directory
  * You are initializing within an existing Firebase project directory

[info] 
=== Project Setup
[info] 
[info] First, let's associate this project directory with a Firebase project.
[info] You can create multiple project aliases by running firebase use --add, 
[info] but for now we'll just set up a default project.
[info] 
[debug] [2023-04-30T08:23:56.072Z] >>> [apiv2][query] GET https://firebase.googleapis.com/v1beta1/projects pageSize=100
[debug] [2023-04-30T08:23:57.137Z] <<< [apiv2][status] GET https://firebase.googleapis.com/v1beta1/projects 200
[debug] [2023-04-30T08:23:57.138Z] <<< [apiv2][body] GET https://firebase.googleapis.com/v1beta1/projects [omitted]
[info] i  Using project ng-store-a4630 (ng-store) 
[info] 
=== Functions Setup
[debug] [2023-04-30T08:23:59.528Z] > command requires scopes: ["email","openid","https://www.googleapis.com/auth/cloudplatformprojects.readonly","https://www.googleapis.com/auth/firebase","https://www.googleapis.com/auth/cloud-platform"]
[debug] [2023-04-30T08:23:59.529Z] > authorizing via signed-in user (muk214782@gmail.com)
[debug] [2023-04-30T08:23:59.530Z] [iam] checking project ng-store-a4630 for permissions ["firebase.projects.get"]
[debug] [2023-04-30T08:23:59.532Z] >>> [apiv2][query] POST https://cloudresourcemanager.googleapis.com/v1/projects/ng-store-a4630:testIamPermissions [none]
[debug] [2023-04-30T08:23:59.533Z] >>> [apiv2][(partial)header] POST https://cloudresourcemanager.googleapis.com/v1/projects/ng-store-a4630:testIamPermissions x-goog-quota-user=projects/ng-store-a4630
[debug] [2023-04-30T08:23:59.533Z] >>> [apiv2][body] POST https://cloudresourcemanager.googleapis.com/v1/projects/ng-store-a4630:testIamPermissions {"permissions":["firebase.projects.get"]}
[debug] [2023-04-30T08:24:01.493Z] <<< [apiv2][status] POST https://cloudresourcemanager.googleapis.com/v1/projects/ng-store-a4630:testIamPermissions 200
[debug] [2023-04-30T08:24:01.494Z] <<< [apiv2][body] POST https://cloudresourcemanager.googleapis.com/v1/projects/ng-store-a4630:testIamPermissions {"permissions":["firebase.projects.get"]}
[debug] [2023-04-30T08:24:01.499Z] >>> [apiv2][query] GET https://serviceusage.googleapis.com/v1/projects/ng-store-a4630/services/cloudfunctions.googleapis.com [none]
[debug] [2023-04-30T08:24:01.499Z] >>> [apiv2][(partial)header] GET https://serviceusage.googleapis.com/v1/projects/ng-store-a4630/services/cloudfunctions.googleapis.com x-goog-quota-user=projects/ng-store-a4630
[debug] [2023-04-30T08:24:01.513Z] >>> [apiv2][query] GET https://serviceusage.googleapis.com/v1/projects/ng-store-a4630/services/runtimeconfig.googleapis.com [none]
[debug] [2023-04-30T08:24:01.513Z] >>> [apiv2][(partial)header] GET https://serviceusage.googleapis.com/v1/projects/ng-store-a4630/services/runtimeconfig.googleapis.com x-goog-quota-user=projects/ng-store-a4630
[debug] [2023-04-30T08:24:04.061Z] <<< [apiv2][status] GET https://serviceusage.googleapis.com/v1/projects/ng-store-a4630/services/runtimeconfig.googleapis.com 200
[debug] [2023-04-30T08:24:04.062Z] <<< [apiv2][body] GET https://serviceusage.googleapis.com/v1/projects/ng-store-a4630/services/runtimeconfig.googleapis.com [omitted]
[debug] [2023-04-30T08:24:04.071Z] <<< [apiv2][status] GET https://serviceusage.googleapis.com/v1/projects/ng-store-a4630/services/cloudfunctions.googleapis.com 200
[debug] [2023-04-30T08:24:04.072Z] <<< [apiv2][body] GET https://serviceusage.googleapis.com/v1/projects/ng-store-a4630/services/cloudfunctions.googleapis.com [omitted]
[debug] [2023-04-30T08:24:04.075Z] >>> [apiv2][query] POST https://serviceusage.googleapis.com/v1/projects/ng-store-a4630/services/cloudfunctions.googleapis.com:enable [none]
[debug] [2023-04-30T08:24:04.075Z] >>> [apiv2][(partial)header] POST https://serviceusage.googleapis.com/v1/projects/ng-store-a4630/services/cloudfunctions.googleapis.com:enable x-goog-quota-user=projects/ng-store-a4630
[debug] [2023-04-30T08:24:06.608Z] <<< [apiv2][status] POST https://serviceusage.googleapis.com/v1/projects/ng-store-a4630/services/cloudfunctions.googleapis.com:enable 200
[debug] [2023-04-30T08:24:06.609Z] <<< [apiv2][body] POST https://serviceusage.googleapis.com/v1/projects/ng-store-a4630/services/cloudfunctions.googleapis.com:enable [omitted]
[debug] [2023-04-30T08:24:16.620Z] >>> [apiv2][query] GET https://serviceusage.googleapis.com/v1/projects/ng-store-a4630/services/cloudfunctions.googleapis.com [none]
[debug] [2023-04-30T08:24:16.621Z] >>> [apiv2][(partial)header] GET https://serviceusage.googleapis.com/v1/projects/ng-store-a4630/services/cloudfunctions.googleapis.com x-goog-quota-user=projects/ng-store-a4630
[debug] [2023-04-30T08:24:19.440Z] <<< [apiv2][status] GET https://serviceusage.googleapis.com/v1/projects/ng-store-a4630/services/cloudfunctions.googleapis.com 200
[debug] [2023-04-30T08:24:19.441Z] <<< [apiv2][body] GET https://serviceusage.googleapis.com/v1/projects/ng-store-a4630/services/cloudfunctions.googleapis.com [omitted]
[info] Let's create a new codebase for your functions.
[info] A directory corresponding to the codebase will be created in your project
[info] with sample code pre-configured.

[info] See https://firebase.google.com/docs/functions/organize-functions for
[info] more information on organizing your functions using codebases.

[info] Functions can be deployed with firebase deploy.

